<?xml version="1.0" encoding="UTF-8"?>
<testsuite name="User Registration" tests="1" skipped="0" failures="0" errors="0" timestamp="2020-03-15T15:13:20" hostname="DESKTOP-6P92A6B" time="102.334">
  <properties/>
  <testcase name="user registration success" classname="User Registration" time="102.334"/>
  <system-out><![CDATA[net.serenitybdd.core.exceptions.SerenityManagedException: The following error occurred: chrome not reachable
  (Session info: chrome=80.0.3987.132)
Build info: version: '3.141.59', revision: 'e82be7d358', time: '2018-11-14T08:17:03'
System info: host: 'DESKTOP-6P92A6B', ip: '192.168.0.13', os.name: 'Windows 10', os.arch: 'x86', os.version: '10.0', java.version: '1.8.0_212'
Driver info: org.openqa.selenium.chrome.ChromeDriver
Capabilities {acceptInsecureCerts: false, browserName: chrome, browserVersion: 80.0.3987.132, chrome: {chromedriverVersion: 79.0.3945.36 (3582db32b3389..., userDataDir: C:\Users\EQUIPO01\AppData\L...}, goog:chromeOptions: {debuggerAddress: localhost:60477}, javascriptEnabled: true, networkConnectionEnabled: false, pageLoadStrategy: normal, platform: WINDOWS, platformName: WINDOWS, proxy: Proxy(), setWindowRect: true, strictFileInteractability: false, timeouts: {implicit: 0, pageLoad: 300000, script: 30000}, unhandledPromptBehavior: dismiss and notify}
Session ID: cbceeaaec6fc97c15153fe9850af98fe
]]></system-out>
  <system-err><![CDATA[mar 15, 2020 10:13:28 AM org.openqa.selenium.remote.DesiredCapabilities chrome
INFORMACIÓN: Using `new ChromeOptions()` is preferred to `DesiredCapabilities.chrome()`
[Test worker] INFO net.serenitybdd.core.webdriver.driverproviders.ProvideNewDriver - Instantiating driver
[Test worker] INFO net.serenitybdd.core.webdriver.driverproviders.ProvideNewDriver - Driver capabilities: Capabilities {acceptInsecureCerts: false, browserName: chrome, goog:chromeOptions: {args: [--enable-automation, --test-type], extensions: []}, loggingPrefs: org.openqa.selenium.logging..., platform: ANY, version: }
Starting ChromeDriver 79.0.3945.36 (3582db32b33893869b8c1339e8f4d9ed1816f143-refs/branch-heads/3945@{#614}) on port 4094
Only local connections are allowed.
Please protect ports used by ChromeDriver and related test frameworks to prevent access by malicious code.
[1584285232.870][WARNING]: This version of ChromeDriver has not been tested with Chrome version 80.
mar 15, 2020 10:13:56 AM org.openqa.selenium.remote.ProtocolHandshake createSession
INFORMACIÓN: Detected dialect: W3C
[1584285263.481][WARNING]: Timed out connecting to Chrome, retrying...
[1584285270.639][WARNING]: Timed out connecting to Chrome, retrying...
[1584285277.566][WARNING]: Timed out connecting to Chrome, retrying...
[1584285283.928][WARNING]: Timed out connecting to Chrome, retrying...
[1584285290.676][WARNING]: Timed out connecting to Chrome, retrying...
[Test worker] ERROR net.thucydides.core.steps.ConsoleLoggingListener - 
           __  _____ _____ ____ _____   _____ _    ___ _     _____ ____  
  _       / / |_   _| ____/ ___|_   _| |  ___/ \  |_ _| |   | ____|  _ \ 
 (_)_____| |    | | |  _| \___ \ | |   | |_ / _ \  | || |   |  _| | | | |
  _|_____| |    | | | |___ ___) || |   |  _/ ___ \ | || |___| |___| |_| |
 (_)     | |    |_| |_____|____/ |_|   |_|/_/   \_\___|_____|_____|____/ 
          \_\                                                            

TEST FAILED WITH ERROR: user registration success
---------------------------------------------------------------------
[Test worker] ERROR net.thucydides.core.steps.ConsoleLoggingListener - TEST FAILED AT STEP Heriberto opens the Home page
[Test worker] ERROR net.thucydides.core.steps.ConsoleLoggingListener - The following error occurred: chrome not reachable
]]></system-err>
</testsuite>
